This file contains any messages produced by compilers while
running configure, to aid debugging if configure makes a mistake.

It was created by ps3tools configure 0.1, which was
generated by GNU Autoconf 2.69.  Invocation command line was

  $ ./configure 

## --------- ##
## Platform. ##
## --------- ##

hostname = DESKTOP-EATEAM4
uname -m = x86_64
uname -r = 5.10.102.1-microsoft-standard-WSL2+
uname -s = Linux
uname -v = #1 SMP Wed Mar 30 01:42:31 WEST 2022

/usr/bin/uname -p = x86_64
/bin/uname -X     = unknown

/bin/arch              = x86_64
/usr/bin/arch -k       = unknown
/usr/convex/getsysinfo = unknown
/usr/bin/hostinfo      = unknown
/bin/machine           = unknown
/usr/bin/oslevel       = unknown
/bin/universe          = unknown

PATH: /home/zecoxao/.local/bin
PATH: /usr/local/vitasdk/bin
PATH: /usr/local/sbin
PATH: /usr/local/bin
PATH: /usr/sbin
PATH: /usr/bin
PATH: /sbin
PATH: /bin
PATH: /usr/games
PATH: /usr/local/games
PATH: /usr/lib/wsl/lib
PATH: /mnt/c/Program Files/NVIDIA GPU Computing Toolkit/CUDA/v11.6/bin
PATH: /mnt/c/Program Files/NVIDIA GPU Computing Toolkit/CUDA/v11.6/libnvvp
PATH: /mnt/c/Program Files (x86)/SN Systems/PS3/bin
PATH: /mnt/c/Windows/system32
PATH: /mnt/c/Windows
PATH: /mnt/c/Windows/System32/Wbem
PATH: /mnt/c/Windows/System32/WindowsPowerShell/v1.0/
PATH: /mnt/c/Windows/System32/OpenSSH/
PATH: /mnt/c/Program Files/dotnet/
PATH: /mnt/c/Program Files (x86)/NVIDIA Corporation/PhysX/Common
PATH: /mnt/c/WINDOWS/system32
PATH: /mnt/c/WINDOWS
PATH: /mnt/c/WINDOWS/System32/Wbem
PATH: /mnt/c/WINDOWS/System32/WindowsPowerShell/v1.0/
PATH: /mnt/c/WINDOWS/System32/OpenSSH/
PATH: /mnt/c/Program Files/NVIDIA Corporation/Nsight Compute 2022.1.1/
PATH: /mnt/c/Program Files/NVIDIA Corporation/NVIDIA NvDLISR
PATH: /mnt/c/Program Files/Docker/Docker/resources/bin
PATH: /mnt/c/ProgramData/DockerDesktop/version-bin
PATH: /mnt/c/Program Files/Git/cmd
PATH: /mnt/c/Users/zecoxao/AppData/Local/Programs/Python/Python310/Scripts/
PATH: /mnt/c/Users/zecoxao/AppData/Local/Programs/Python/Python310/
PATH: /mnt/c/Users/zecoxao/AppData/Local/Microsoft/WindowsApps
PATH: /mnt/c/Users/zecoxao/.dotnet/tools
PATH: /snap/bin
PATH: /usr/local/pspdev/bin


## ----------- ##
## Core tests. ##
## ----------- ##

configure:2356: checking for a BSD-compatible install
configure:2424: result: /usr/bin/install -c
configure:2435: checking whether build environment is sane
configure:2490: result: yes
configure:2639: checking for a thread-safe mkdir -p
configure:2678: result: /usr/bin/mkdir -p
configure:2685: checking for gawk
configure:2701: found /usr/bin/gawk
configure:2712: result: gawk
configure:2723: checking whether make sets $(MAKE)
configure:2745: result: yes
configure:2774: checking whether make supports nested variables
configure:2791: result: yes
configure:2977: checking for g++
configure:2993: found /usr/bin/g++
configure:3004: result: g++
configure:3031: checking for C++ compiler version
configure:3040: g++ --version >&5
g++ (Ubuntu 9.4.0-1ubuntu1~20.04.1) 9.4.0
Copyright (C) 2019 Free Software Foundation, Inc.
This is free software; see the source for copying conditions.  There is NO
warranty; not even for MERCHANTABILITY or FITNESS FOR A PARTICULAR PURPOSE.

configure:3051: $? = 0
configure:3040: g++ -v >&5
Using built-in specs.
COLLECT_GCC=g++
COLLECT_LTO_WRAPPER=/usr/lib/gcc/x86_64-linux-gnu/9/lto-wrapper
OFFLOAD_TARGET_NAMES=nvptx-none:hsa
OFFLOAD_TARGET_DEFAULT=1
Target: x86_64-linux-gnu
Configured with: ../src/configure -v --with-pkgversion='Ubuntu 9.4.0-1ubuntu1~20.04.1' --with-bugurl=file:///usr/share/doc/gcc-9/README.Bugs --enable-languages=c,ada,c++,go,brig,d,fortran,objc,obj-c++,gm2 --prefix=/usr --with-gcc-major-version-only --program-suffix=-9 --program-prefix=x86_64-linux-gnu- --enable-shared --enable-linker-build-id --libexecdir=/usr/lib --without-included-gettext --enable-threads=posix --libdir=/usr/lib --enable-nls --enable-clocale=gnu --enable-libstdcxx-debug --enable-libstdcxx-time=yes --with-default-libstdcxx-abi=new --enable-gnu-unique-object --disable-vtable-verify --enable-plugin --enable-default-pie --with-system-zlib --with-target-system-zlib=auto --enable-objc-gc=auto --enable-multiarch --disable-werror --with-arch-32=i686 --with-abi=m64 --with-multilib-list=m32,m64,mx32 --enable-multilib --with-tune=generic --enable-offload-targets=nvptx-none=/build/gcc-9-Av3uEd/gcc-9-9.4.0/debian/tmp-nvptx/usr,hsa --without-cuda-driver --enable-checking=release --build=x86_64-linux-gnu --host=x86_64-linux-gnu --target=x86_64-linux-gnu
Thread model: posix
gcc version 9.4.0 (Ubuntu 9.4.0-1ubuntu1~20.04.1) 
configure:3051: $? = 0
configure:3040: g++ -V >&5
g++: error: unrecognized command line option '-V'
g++: fatal error: no input files
compilation terminated.
configure:3051: $? = 1
configure:3040: g++ -qversion >&5
g++: error: unrecognized command line option '-qversion'; did you mean '--version'?
g++: fatal error: no input files
compilation terminated.
configure:3051: $? = 1
configure:3071: checking whether the C++ compiler works
configure:3093: g++    conftest.cpp  >&5
configure:3097: $? = 0
configure:3145: result: yes
configure:3148: checking for C++ compiler default output file name
configure:3150: result: a.out
configure:3156: checking for suffix of executables
configure:3163: g++ -o conftest    conftest.cpp  >&5
configure:3167: $? = 0
configure:3189: result: 
configure:3211: checking whether we are cross compiling
configure:3219: g++ -o conftest    conftest.cpp  >&5
configure:3223: $? = 0
configure:3230: ./conftest
configure:3234: $? = 0
configure:3222: result: no
configure:3227: checking for suffix of object files
configure:3249: g++ -c   conftest.cpp >&5
configure:3253: $? = 0
configure:3274: result: o
configure:3278: checking whether we are using the GNU C++ compiler
configure:3297: g++ -c   conftest.cpp >&5
configure:3297: $? = 0
configure:3306: result: yes
configure:3315: checking whether g++ accepts -g
configure:3335: g++ -c -g  conftest.cpp >&5
configure:3335: $? = 0
configure:3376: result: yes
configure:3402: checking whether make supports the include directive
configure:3417: make -f confmf.GNU && cat confinc.out
this is the am__doit target
configure:3420: $? = 0
configure:3439: result: yes (GNU style)
configure:3464: checking dependency style of g++
configure:3575: result: gcc3
configure:3640: checking for gcc
configure:3656: found /usr/bin/gcc
configure:3667: result: gcc
configure:3896: checking for C compiler version
configure:3905: gcc --version >&5
gcc (Ubuntu 9.4.0-1ubuntu1~20.04.1) 9.4.0
Copyright (C) 2019 Free Software Foundation, Inc.
This is free software; see the source for copying conditions.  There is NO
warranty; not even for MERCHANTABILITY or FITNESS FOR A PARTICULAR PURPOSE.

configure:3916: $? = 0
configure:3905: gcc -v >&5
Using built-in specs.
COLLECT_GCC=gcc
COLLECT_LTO_WRAPPER=/usr/lib/gcc/x86_64-linux-gnu/9/lto-wrapper
OFFLOAD_TARGET_NAMES=nvptx-none:hsa
OFFLOAD_TARGET_DEFAULT=1
Target: x86_64-linux-gnu
Configured with: ../src/configure -v --with-pkgversion='Ubuntu 9.4.0-1ubuntu1~20.04.1' --with-bugurl=file:///usr/share/doc/gcc-9/README.Bugs --enable-languages=c,ada,c++,go,brig,d,fortran,objc,obj-c++,gm2 --prefix=/usr --with-gcc-major-version-only --program-suffix=-9 --program-prefix=x86_64-linux-gnu- --enable-shared --enable-linker-build-id --libexecdir=/usr/lib --without-included-gettext --enable-threads=posix --libdir=/usr/lib --enable-nls --enable-clocale=gnu --enable-libstdcxx-debug --enable-libstdcxx-time=yes --with-default-libstdcxx-abi=new --enable-gnu-unique-object --disable-vtable-verify --enable-plugin --enable-default-pie --with-system-zlib --with-target-system-zlib=auto --enable-objc-gc=auto --enable-multiarch --disable-werror --with-arch-32=i686 --with-abi=m64 --with-multilib-list=m32,m64,mx32 --enable-multilib --with-tune=generic --enable-offload-targets=nvptx-none=/build/gcc-9-Av3uEd/gcc-9-9.4.0/debian/tmp-nvptx/usr,hsa --without-cuda-driver --enable-checking=release --build=x86_64-linux-gnu --host=x86_64-linux-gnu --target=x86_64-linux-gnu
Thread model: posix
gcc version 9.4.0 (Ubuntu 9.4.0-1ubuntu1~20.04.1) 
configure:3916: $? = 0
configure:3905: gcc -V >&5
gcc: error: unrecognized command line option '-V'
gcc: fatal error: no input files
compilation terminated.
configure:3916: $? = 1
configure:3905: gcc -qversion >&5
gcc: error: unrecognized command line option '-qversion'; did you mean '--version'?
gcc: fatal error: no input files
compilation terminated.
configure:3916: $? = 1
configure:3920: checking whether we are using the GNU C compiler
configure:3939: gcc -c   conftest.c >&5
configure:3939: $? = 0
configure:3948: result: yes
configure:3957: checking whether gcc accepts -g
configure:3977: gcc -c -g  conftest.c >&5
configure:3977: $? = 0
configure:4018: result: yes
configure:4035: checking for gcc option to accept ISO C89
configure:4098: gcc  -c -g -O2  conftest.c >&5
configure:4098: $? = 0
configure:4111: result: none needed
configure:4136: checking whether gcc understands -c and -o together
configure:4158: gcc -c conftest.c -o conftest2.o
configure:4161: $? = 0
configure:4158: gcc -c conftest.c -o conftest2.o
configure:4161: $? = 0
configure:4173: result: yes
configure:4192: checking dependency style of gcc
configure:4303: result: gcc3
configure:4319: checking for __gmpz_init in -lgmp
configure:4344: gcc -o conftest -g -O2   conftest.c -lgmp   >&5
configure:4344: $? = 0
configure:4353: result: yes
configure:4361: checking for inflate in -lz
configure:4386: gcc -o conftest -g -O2   conftest.c -lz   >&5
configure:4386: $? = 0
configure:4395: result: yes
configure:4429: checking whether make supports nested variables
configure:4446: result: yes
configure:4465: checking how to run the C preprocessor
configure:4496: gcc -E  conftest.c
configure:4496: $? = 0
configure:4510: gcc -E  conftest.c
conftest.c:12:10: fatal error: ac_nonexistent.h: No such file or directory
   12 | #include <ac_nonexistent.h>
      |          ^~~~~~~~~~~~~~~~~~
compilation terminated.
configure:4510: $? = 1
configure: failed program was:
| /* confdefs.h */
| #define PACKAGE_NAME "ps3tools"
| #define PACKAGE_TARNAME "ps3tools"
| #define PACKAGE_VERSION "0.1"
| #define PACKAGE_STRING "ps3tools 0.1"
| #define PACKAGE_BUGREPORT ""
| #define PACKAGE_URL ""
| #define PACKAGE "ps3tools"
| #define VERSION "0.1"
| #define HAVE_LIBZ 1
| /* end confdefs.h.  */
| #include <ac_nonexistent.h>
configure:4535: result: gcc -E
configure:4555: gcc -E  conftest.c
configure:4555: $? = 0
configure:4569: gcc -E  conftest.c
conftest.c:12:10: fatal error: ac_nonexistent.h: No such file or directory
   12 | #include <ac_nonexistent.h>
      |          ^~~~~~~~~~~~~~~~~~
compilation terminated.
configure:4569: $? = 1
configure: failed program was:
| /* confdefs.h */
| #define PACKAGE_NAME "ps3tools"
| #define PACKAGE_TARNAME "ps3tools"
| #define PACKAGE_VERSION "0.1"
| #define PACKAGE_STRING "ps3tools 0.1"
| #define PACKAGE_BUGREPORT ""
| #define PACKAGE_URL ""
| #define PACKAGE "ps3tools"
| #define VERSION "0.1"
| #define HAVE_LIBZ 1
| /* end confdefs.h.  */
| #include <ac_nonexistent.h>
configure:4598: checking for grep that handles long lines and -e
configure:4656: result: /usr/bin/grep
configure:4661: checking for egrep
configure:4723: result: /usr/bin/grep -E
configure:4728: checking for ANSI C header files
configure:4748: gcc -c -g -O2  conftest.c >&5
configure:4748: $? = 0
configure:4821: gcc -o conftest -g -O2   conftest.c -lz  >&5
configure:4821: $? = 0
configure:4821: ./conftest
configure:4821: $? = 0
configure:4832: result: yes
configure:4845: checking for sys/types.h
configure:4845: gcc -c -g -O2  conftest.c >&5
configure:4845: $? = 0
configure:4845: result: yes
configure:4845: checking for sys/stat.h
configure:4845: gcc -c -g -O2  conftest.c >&5
configure:4845: $? = 0
configure:4845: result: yes
configure:4845: checking for stdlib.h
configure:4845: gcc -c -g -O2  conftest.c >&5
configure:4845: $? = 0
configure:4845: result: yes
configure:4845: checking for string.h
configure:4845: gcc -c -g -O2  conftest.c >&5
configure:4845: $? = 0
configure:4845: result: yes
configure:4845: checking for memory.h
configure:4845: gcc -c -g -O2  conftest.c >&5
configure:4845: $? = 0
configure:4845: result: yes
configure:4845: checking for strings.h
configure:4845: gcc -c -g -O2  conftest.c >&5
configure:4845: $? = 0
configure:4845: result: yes
configure:4845: checking for inttypes.h
configure:4845: gcc -c -g -O2  conftest.c >&5
configure:4845: $? = 0
configure:4845: result: yes
configure:4845: checking for stdint.h
configure:4845: gcc -c -g -O2  conftest.c >&5
configure:4845: $? = 0
configure:4845: result: yes
configure:4845: checking for unistd.h
configure:4845: gcc -c -g -O2  conftest.c >&5
configure:4845: $? = 0
configure:4845: result: yes
configure:4860: checking arpa/inet.h usability
configure:4860: gcc -c -g -O2  conftest.c >&5
configure:4860: $? = 0
configure:4860: result: yes
configure:4860: checking arpa/inet.h presence
configure:4860: gcc -E  conftest.c
configure:4860: $? = 0
configure:4860: result: yes
configure:4860: checking for arpa/inet.h
configure:4860: result: yes
configure:4860: checking fcntl.h usability
configure:4860: gcc -c -g -O2  conftest.c >&5
configure:4860: $? = 0
configure:4860: result: yes
configure:4860: checking fcntl.h presence
configure:4860: gcc -E  conftest.c
configure:4860: $? = 0
configure:4860: result: yes
configure:4860: checking for fcntl.h
configure:4860: result: yes
configure:4860: checking for inttypes.h
configure:4860: result: yes
configure:4860: checking limits.h usability
configure:4860: gcc -c -g -O2  conftest.c >&5
configure:4860: $? = 0
configure:4860: result: yes
configure:4860: checking limits.h presence
configure:4860: gcc -E  conftest.c
configure:4860: $? = 0
configure:4860: result: yes
configure:4860: checking for limits.h
configure:4860: result: yes
configure:4860: checking for stdint.h
configure:4860: result: yes
configure:4860: checking for stdlib.h
configure:4860: result: yes
configure:4860: checking for string.h
configure:4860: result: yes
configure:4860: checking for unistd.h
configure:4860: result: yes
configure:4872: checking for inline
configure:4888: gcc -c -g -O2  conftest.c >&5
configure:4888: $? = 0
configure:4896: result: inline
configure:4914: checking for off_t
configure:4914: gcc -c -g -O2  conftest.c >&5
configure:4914: $? = 0
configure:4914: gcc -c -g -O2  conftest.c >&5
conftest.c: In function 'main':
conftest.c:66:20: error: expected expression before ')' token
   66 | if (sizeof ((off_t)))
      |                    ^
configure:4914: $? = 1
configure: failed program was:
| /* confdefs.h */
| #define PACKAGE_NAME "ps3tools"
| #define PACKAGE_TARNAME "ps3tools"
| #define PACKAGE_VERSION "0.1"
| #define PACKAGE_STRING "ps3tools 0.1"
| #define PACKAGE_BUGREPORT ""
| #define PACKAGE_URL ""
| #define PACKAGE "ps3tools"
| #define VERSION "0.1"
| #define HAVE_LIBZ 1
| #define STDC_HEADERS 1
| #define HAVE_SYS_TYPES_H 1
| #define HAVE_SYS_STAT_H 1
| #define HAVE_STDLIB_H 1
| #define HAVE_STRING_H 1
| #define HAVE_MEMORY_H 1
| #define HAVE_STRINGS_H 1
| #define HAVE_INTTYPES_H 1
| #define HAVE_STDINT_H 1
| #define HAVE_UNISTD_H 1
| #define HAVE_ARPA_INET_H 1
| #define HAVE_FCNTL_H 1
| #define HAVE_INTTYPES_H 1
| #define HAVE_LIMITS_H 1
| #define HAVE_STDINT_H 1
| #define HAVE_STDLIB_H 1
| #define HAVE_STRING_H 1
| #define HAVE_UNISTD_H 1
| /* end confdefs.h.  */
| #include <stdio.h>
| #ifdef HAVE_SYS_TYPES_H
| # include <sys/types.h>
| #endif
| #ifdef HAVE_SYS_STAT_H
| # include <sys/stat.h>
| #endif
| #ifdef STDC_HEADERS
| # include <stdlib.h>
| # include <stddef.h>
| #else
| # ifdef HAVE_STDLIB_H
| #  include <stdlib.h>
| # endif
| #endif
| #ifdef HAVE_STRING_H
| # if !defined STDC_HEADERS && defined HAVE_MEMORY_H
| #  include <memory.h>
| # endif
| # include <string.h>
| #endif
| #ifdef HAVE_STRINGS_H
| # include <strings.h>
| #endif
| #ifdef HAVE_INTTYPES_H
| # include <inttypes.h>
| #endif
| #ifdef HAVE_STDINT_H
| # include <stdint.h>
| #endif
| #ifdef HAVE_UNISTD_H
| # include <unistd.h>
| #endif
| int
| main ()
| {
| if (sizeof ((off_t)))
| 	    return 0;
|   ;
|   return 0;
| }
configure:4914: result: yes
configure:4925: checking for size_t
configure:4925: gcc -c -g -O2  conftest.c >&5
configure:4925: $? = 0
configure:4925: gcc -c -g -O2  conftest.c >&5
conftest.c: In function 'main':
conftest.c:66:21: error: expected expression before ')' token
   66 | if (sizeof ((size_t)))
      |                     ^
configure:4925: $? = 1
configure: failed program was:
| /* confdefs.h */
| #define PACKAGE_NAME "ps3tools"
| #define PACKAGE_TARNAME "ps3tools"
| #define PACKAGE_VERSION "0.1"
| #define PACKAGE_STRING "ps3tools 0.1"
| #define PACKAGE_BUGREPORT ""
| #define PACKAGE_URL ""
| #define PACKAGE "ps3tools"
| #define VERSION "0.1"
| #define HAVE_LIBZ 1
| #define STDC_HEADERS 1
| #define HAVE_SYS_TYPES_H 1
| #define HAVE_SYS_STAT_H 1
| #define HAVE_STDLIB_H 1
| #define HAVE_STRING_H 1
| #define HAVE_MEMORY_H 1
| #define HAVE_STRINGS_H 1
| #define HAVE_INTTYPES_H 1
| #define HAVE_STDINT_H 1
| #define HAVE_UNISTD_H 1
| #define HAVE_ARPA_INET_H 1
| #define HAVE_FCNTL_H 1
| #define HAVE_INTTYPES_H 1
| #define HAVE_LIMITS_H 1
| #define HAVE_STDINT_H 1
| #define HAVE_STDLIB_H 1
| #define HAVE_STRING_H 1
| #define HAVE_UNISTD_H 1
| /* end confdefs.h.  */
| #include <stdio.h>
| #ifdef HAVE_SYS_TYPES_H
| # include <sys/types.h>
| #endif
| #ifdef HAVE_SYS_STAT_H
| # include <sys/stat.h>
| #endif
| #ifdef STDC_HEADERS
| # include <stdlib.h>
| # include <stddef.h>
| #else
| # ifdef HAVE_STDLIB_H
| #  include <stdlib.h>
| # endif
| #endif
| #ifdef HAVE_STRING_H
| # if !defined STDC_HEADERS && defined HAVE_MEMORY_H
| #  include <memory.h>
| # endif
| # include <string.h>
| #endif
| #ifdef HAVE_STRINGS_H
| # include <strings.h>
| #endif
| #ifdef HAVE_INTTYPES_H
| # include <inttypes.h>
| #endif
| #ifdef HAVE_STDINT_H
| # include <stdint.h>
| #endif
| #ifdef HAVE_UNISTD_H
| # include <unistd.h>
| #endif
| int
| main ()
| {
| if (sizeof ((size_t)))
| 	    return 0;
|   ;
|   return 0;
| }
configure:4925: result: yes
configure:4936: checking for uint16_t
configure:4936: gcc -c -g -O2  conftest.c >&5
configure:4936: $? = 0
configure:4936: result: yes
configure:4948: checking for uint32_t
configure:4948: gcc -c -g -O2  conftest.c >&5
configure:4948: $? = 0
configure:4948: result: yes
configure:4962: checking for uint64_t
configure:4962: gcc -c -g -O2  conftest.c >&5
configure:4962: $? = 0
configure:4962: result: yes
configure:4976: checking for uint8_t
configure:4976: gcc -c -g -O2  conftest.c >&5
configure:4976: $? = 0
configure:4976: result: yes
configure:4994: checking for stdlib.h
configure:4994: result: yes
configure:5004: checking for GNU libc compatible malloc
configure:5028: gcc -o conftest -g -O2   conftest.c -lz  >&5
configure:5028: $? = 0
configure:5028: ./conftest
configure:5028: $? = 0
configure:5038: result: yes
configure:5065: checking for stdlib.h
configure:5065: result: yes
configure:5065: checking for unistd.h
configure:5065: result: yes
configure:5065: checking for sys/param.h
configure:5065: gcc -c -g -O2  conftest.c >&5
configure:5065: $? = 0
configure:5065: result: yes
configure:5085: checking for getpagesize
configure:5085: gcc -o conftest -g -O2   conftest.c -lz  >&5
configure:5085: $? = 0
configure:5085: result: yes
configure:5094: checking for working mmap
configure:5243: gcc -o conftest -g -O2   conftest.c -lz  >&5
configure:5243: $? = 0
configure:5243: ./conftest
configure:5243: $? = 0
configure:5253: result: yes
configure:5264: checking for stdlib.h
configure:5264: result: yes
configure:5274: checking for GNU libc compatible realloc
configure:5298: gcc -o conftest -g -O2   conftest.c -lz  >&5
configure:5298: $? = 0
configure:5298: ./conftest
configure:5298: $? = 0
configure:5308: result: yes
configure:5332: checking for getpagesize
configure:5332: result: yes
configure:5332: checking for memset
configure:5332: gcc -o conftest -g -O2   conftest.c -lz  >&5
conftest.c:63:6: warning: conflicting types for built-in function 'memset'; expected 'void *(void *, int,  long unsigned int)' [-Wbuiltin-declaration-mismatch]
   63 | char memset ();
      |      ^~~~~~
conftest.c:51:1: note: 'memset' is declared in header '<string.h>'
   50 | # include <limits.h>
   51 | #else
configure:5332: $? = 0
configure:5332: result: yes
configure:5332: checking for strrchr
configure:5332: gcc -o conftest -g -O2   conftest.c -lz  >&5
conftest.c:64:6: warning: conflicting types for built-in function 'strrchr'; expected 'char *(const char *, int)' [-Wbuiltin-declaration-mismatch]
   64 | char strrchr ();
      |      ^~~~~~~
conftest.c:52:1: note: 'strrchr' is declared in header '<string.h>'
   51 | # include <limits.h>
   52 | #else
configure:5332: $? = 0
configure:5332: result: yes
configure:5332: checking for strstr
configure:5332: gcc -o conftest -g -O2   conftest.c -lz  >&5
conftest.c:65:6: warning: conflicting types for built-in function 'strstr'; expected 'char *(const char *, const char *)' [-Wbuiltin-declaration-mismatch]
   65 | char strstr ();
      |      ^~~~~~
conftest.c:53:1: note: 'strstr' is declared in header '<string.h>'
   52 | # include <limits.h>
   53 | #else
configure:5332: $? = 0
configure:5332: result: yes
configure:5332: checking for strtoul
configure:5332: gcc -o conftest -g -O2   conftest.c -lz  >&5
configure:5332: $? = 0
configure:5332: result: yes
configure:5332: checking for strtoull
configure:5332: gcc -o conftest -g -O2   conftest.c -lz  >&5
configure:5332: $? = 0
configure:5332: result: yes
configure:5445: checking that generated files are newer than configure
configure:5451: result: done
configure:5482: creating ./config.status

## ---------------------- ##
## Running config.status. ##
## ---------------------- ##

This file was extended by ps3tools config.status 0.1, which was
generated by GNU Autoconf 2.69.  Invocation command line was

  CONFIG_FILES    = 
  CONFIG_HEADERS  = 
  CONFIG_LINKS    = 
  CONFIG_COMMANDS = 
  $ ./config.status 

on DESKTOP-EATEAM4

config.status:882: creating Makefile
config.status:882: creating config.h
config.status:1063: config.h is unchanged
config.status:1111: executing depfiles commands
config.status:1188: cd .       && sed -e '/# am--include-marker/d' Makefile         | make -f - am--depfiles
make: Nothing to be done for 'am--depfiles'.
config.status:1193: $? = 0

## ---------------- ##
## Cache variables. ##
## ---------------- ##

ac_cv_c_compiler_gnu=yes
ac_cv_c_inline=inline
ac_cv_c_uint16_t=yes
ac_cv_c_uint32_t=yes
ac_cv_c_uint64_t=yes
ac_cv_c_uint8_t=yes
ac_cv_cxx_compiler_gnu=yes
ac_cv_env_CCC_set=
ac_cv_env_CCC_value=
ac_cv_env_CC_set=
ac_cv_env_CC_value=
ac_cv_env_CFLAGS_set=
ac_cv_env_CFLAGS_value=
ac_cv_env_CPPFLAGS_set=
ac_cv_env_CPPFLAGS_value=
ac_cv_env_CPP_set=
ac_cv_env_CPP_value=
ac_cv_env_CXXFLAGS_set=
ac_cv_env_CXXFLAGS_value=
ac_cv_env_CXX_set=
ac_cv_env_CXX_value=
ac_cv_env_LDFLAGS_set=
ac_cv_env_LDFLAGS_value=
ac_cv_env_LIBS_set=
ac_cv_env_LIBS_value=
ac_cv_env_build_alias_set=
ac_cv_env_build_alias_value=
ac_cv_env_host_alias_set=
ac_cv_env_host_alias_value=
ac_cv_env_target_alias_set=
ac_cv_env_target_alias_value=
ac_cv_func_getpagesize=yes
ac_cv_func_malloc_0_nonnull=yes
ac_cv_func_memset=yes
ac_cv_func_mmap_fixed_mapped=yes
ac_cv_func_realloc_0_nonnull=yes
ac_cv_func_strrchr=yes
ac_cv_func_strstr=yes
ac_cv_func_strtoul=yes
ac_cv_func_strtoull=yes
ac_cv_header_arpa_inet_h=yes
ac_cv_header_fcntl_h=yes
ac_cv_header_inttypes_h=yes
ac_cv_header_limits_h=yes
ac_cv_header_memory_h=yes
ac_cv_header_stdc=yes
ac_cv_header_stdint_h=yes
ac_cv_header_stdlib_h=yes
ac_cv_header_string_h=yes
ac_cv_header_strings_h=yes
ac_cv_header_sys_param_h=yes
ac_cv_header_sys_stat_h=yes
ac_cv_header_sys_types_h=yes
ac_cv_header_unistd_h=yes
ac_cv_lib_gmp___gmpz_init=yes
ac_cv_lib_z_inflate=yes
ac_cv_objext=o
ac_cv_path_EGREP='/usr/bin/grep -E'
ac_cv_path_GREP=/usr/bin/grep
ac_cv_path_install='/usr/bin/install -c'
ac_cv_path_mkdir=/usr/bin/mkdir
ac_cv_prog_AWK=gawk
ac_cv_prog_CPP='gcc -E'
ac_cv_prog_ac_ct_CC=gcc
ac_cv_prog_ac_ct_CXX=g++
ac_cv_prog_cc_c89=
ac_cv_prog_cc_g=yes
ac_cv_prog_cxx_g=yes
ac_cv_prog_make_make_set=yes
ac_cv_type_off_t=yes
ac_cv_type_size_t=yes
am_cv_CC_dependencies_compiler_type=gcc3
am_cv_CXX_dependencies_compiler_type=gcc3
am_cv_make_support_nested_variables=yes
am_cv_prog_cc_c_o=yes

## ----------------- ##
## Output variables. ##
## ----------------- ##

ACLOCAL='${SHELL} /mnt/c/Users/zecoxao/Desktop/a/ps3tools/missing aclocal-1.16'
AMDEPBACKSLASH='\'
AMDEP_FALSE='#'
AMDEP_TRUE=''
AMTAR='$${TAR-tar}'
AM_BACKSLASH='\'
AM_DEFAULT_V='$(AM_DEFAULT_VERBOSITY)'
AM_DEFAULT_VERBOSITY='0'
AM_V='$(V)'
AUTOCONF='${SHELL} /mnt/c/Users/zecoxao/Desktop/a/ps3tools/missing autoconf'
AUTOHEADER='${SHELL} /mnt/c/Users/zecoxao/Desktop/a/ps3tools/missing autoheader'
AUTOMAKE='${SHELL} /mnt/c/Users/zecoxao/Desktop/a/ps3tools/missing automake-1.16'
AWK='gawk'
CC='gcc'
CCDEPMODE='depmode=gcc3'
CFLAGS='-g -O2'
CPP='gcc -E'
CPPFLAGS=''
CXX='g++'
CXXDEPMODE='depmode=gcc3'
CXXFLAGS='-g -O2'
CYGPATH_W='echo'
DEFS='-DHAVE_CONFIG_H'
DEPDIR='.deps'
ECHO_C=''
ECHO_N='-n'
ECHO_T=''
EGREP='/usr/bin/grep -E'
EXEEXT=''
GMP_LIBS='-lgmp'
GREP='/usr/bin/grep'
HAVE_LIBGMP_FALSE='#'
HAVE_LIBGMP_TRUE=''
INSTALL_DATA='${INSTALL} -m 644'
INSTALL_PROGRAM='${INSTALL}'
INSTALL_SCRIPT='${INSTALL}'
INSTALL_STRIP_PROGRAM='$(install_sh) -c -s'
LDFLAGS=''
LIBOBJS=''
LIBS='-lz '
LTLIBOBJS=''
MAKEINFO='${SHELL} /mnt/c/Users/zecoxao/Desktop/a/ps3tools/missing makeinfo'
MKDIR_P='/usr/bin/mkdir -p'
OBJEXT='o'
PACKAGE='ps3tools'
PACKAGE_BUGREPORT=''
PACKAGE_NAME='ps3tools'
PACKAGE_STRING='ps3tools 0.1'
PACKAGE_TARNAME='ps3tools'
PACKAGE_URL=''
PACKAGE_VERSION='0.1'
PATH_SEPARATOR=':'
SET_MAKE=''
SHELL='/bin/sh'
STRIP=''
VERSION='0.1'
ac_ct_CC='gcc'
ac_ct_CXX='g++'
am__EXEEXT_FALSE=''
am__EXEEXT_TRUE='#'
am__fastdepCC_FALSE='#'
am__fastdepCC_TRUE=''
am__fastdepCXX_FALSE='#'
am__fastdepCXX_TRUE=''
am__include='include'
am__isrc=''
am__leading_dot='.'
am__nodep='_no'
am__quote=''
am__tar='$${TAR-tar} chof - "$$tardir"'
am__untar='$${TAR-tar} xf -'
bindir='${exec_prefix}/bin'
build_alias=''
datadir='${datarootdir}'
datarootdir='${prefix}/share'
docdir='${datarootdir}/doc/${PACKAGE_TARNAME}'
dvidir='${docdir}'
exec_prefix='${prefix}'
host_alias=''
htmldir='${docdir}'
includedir='${prefix}/include'
infodir='${datarootdir}/info'
install_sh='${SHELL} /mnt/c/Users/zecoxao/Desktop/a/ps3tools/install-sh'
libdir='${exec_prefix}/lib'
libexecdir='${exec_prefix}/libexec'
localedir='${datarootdir}/locale'
localstatedir='${prefix}/var'
mandir='${datarootdir}/man'
mkdir_p='$(MKDIR_P)'
oldincludedir='/usr/include'
pdfdir='${docdir}'
prefix='/usr/local'
program_transform_name='s,x,x,'
psdir='${docdir}'
runstatedir='${localstatedir}/run'
sbindir='${exec_prefix}/sbin'
sharedstatedir='${prefix}/com'
sysconfdir='${prefix}/etc'
target_alias=''

## ----------- ##
## confdefs.h. ##
## ----------- ##

/* confdefs.h */
#define PACKAGE_NAME "ps3tools"
#define PACKAGE_TARNAME "ps3tools"
#define PACKAGE_VERSION "0.1"
#define PACKAGE_STRING "ps3tools 0.1"
#define PACKAGE_BUGREPORT ""
#define PACKAGE_URL ""
#define PACKAGE "ps3tools"
#define VERSION "0.1"
#define HAVE_LIBZ 1
#define STDC_HEADERS 1
#define HAVE_SYS_TYPES_H 1
#define HAVE_SYS_STAT_H 1
#define HAVE_STDLIB_H 1
#define HAVE_STRING_H 1
#define HAVE_MEMORY_H 1
#define HAVE_STRINGS_H 1
#define HAVE_INTTYPES_H 1
#define HAVE_STDINT_H 1
#define HAVE_UNISTD_H 1
#define HAVE_ARPA_INET_H 1
#define HAVE_FCNTL_H 1
#define HAVE_INTTYPES_H 1
#define HAVE_LIMITS_H 1
#define HAVE_STDINT_H 1
#define HAVE_STDLIB_H 1
#define HAVE_STRING_H 1
#define HAVE_UNISTD_H 1
#define HAVE_STDLIB_H 1
#define HAVE_MALLOC 1
#define HAVE_STDLIB_H 1
#define HAVE_UNISTD_H 1
#define HAVE_SYS_PARAM_H 1
#define HAVE_GETPAGESIZE 1
#define HAVE_MMAP 1
#define HAVE_STDLIB_H 1
#define HAVE_REALLOC 1
#define HAVE_GETPAGESIZE 1
#define HAVE_MEMSET 1
#define HAVE_STRRCHR 1
#define HAVE_STRSTR 1
#define HAVE_STRTOUL 1
#define HAVE_STRTOULL 1

configure: exit 0
